<?xml version="1.0" encoding="UTF-8"?>
<!-- Generated by org.testng.reporters.JUnitReportReporter -->
<testsuite ignored="0" hostname="Amit" failures="0" tests="2" name="com.learnautomation.testcases.LoginTestCRM" time="22.081" errors="0" timestamp="14 Dec 2019 19:49:10 GMT" skipped="0">
  <testcase classname="com.learnautomation.testcases.LoginTestCRM" name="loginApp" time="21.390"/>
  <testcase classname="com.learnautomation.testcases.LoginTestCRM" name="loginApp1" time="0.691"/>
</testsuite> <!-- com.learnautomation.testcases.LoginTestCRM -->
